Vice city toolset: changes log

Version 4.7.1:
• Added support for new offline help provider

Version 4.7:
• The application has been migrated to .NET 9.0 from .NET Framework 4.8.1

Version 4.6.7:
• Current updates have been applied

Version 4.6.6:
• Current updates have been applied

Version 4.6.5:
• Access and appearance of the Lab Policy have been updated

Version 4.6.4:
• The “App about” interface has been updated

Version 4.6.2:
• The file association method has been upgraded; automated trigger has been replaced
  with button

Version 4.6.1:
• Added the automated icon association for the game files

Version 4.6:
• The new identity has been applied;
• The interface appearance has been updated

Version 4.5.3:
• The “App about” interface has been updated

Version 4.5.2:
• XPUN update has been applied

Version 4.5:
• The application has been retargeted to .NET Framework 4.8.1;
• Access checking method has been completely rewritten: now it will properly detect problems
  with file / registry input / output and help user with fixing them;
• Added the special section in the user guide for access troubleshooting

Version 4.4.5:
• Updated HypeHelp and Updates checker mechanics: this should fix apps freezing immediately
  after launch (on some PCs);
• Updated the HypeHelp links list

Version 4.4.2:
• Update for XPUN has been applied

Version 4.4.1:
• Car generators and garages now have tabular presentations;
• Core updates have been applied

Version 4.3.14:
• Added a new version of offline help

Version 4.3.13:
• Successful loading / saving messages now have timeouts;
• The offline quick help has been discontinued;
• Completed the process of version control unification

Version 4.3.11:
• Updates and fixes have been applied to the update polling mechanism, as well as to other auxiliary functions

Version 4.3.9:
• New identity has been applied;
• Adjusted some interface elements

Version 4.3.8:
• Added the obvious URLs for videoguide and for text guide

Version 4.3.5:
• Fixed some issues with the Policy loader where it would sometimes ask for multiple confirmations;
• Implemented the access rights checker: it will test the availability of the Windows registry
  and the application placement for writing and notify user about possible problems

Version 4.3:
• Rewritten settings operator: it should fix problems with requiring administrator rights;
• Updated the interface of message boxes

Version 4.2.7:
• Added UTF32 encoding;
• The interface was adapted to Windows 10, incorrect window borders were fixed

Version 4.2.5:
• Cumulative updates have been applied

Version 4.2:
• DLL error codes now have English localization;
• DLL protocol has been rerwitten;
• Exportable settings (garages, car parks, stats) now have unified file format;
  old formats (.bst, .bgr, .bcg) are still supported for loading

Version 4.1:
• Vehicles handling editor is now available;
• App about form has been upgraded;
• Links list for HypeHelp has been updated;
• Fixed the updates downloader behavior in some rare conditions

Version 4.0:
• MakeCST and BExplorer projects have been merged into VCT app;
• Added the ability to edit `handling.cfg` file (in progress now);
• Stand-alone MakeCST and BExplorer apps have been terminated



Make CST: changes log

Version 2.0.7:
• Updated the XPR (XPUN) mechanics;
• Removed some redundant code

Version 2.0.2:
• XPR control has been implemented;
• Adjusted the control of single active copy

Version 2.0:
• Required framework version updated from 4.0 to 4.8

Version 1.6.37:
• Current updates applied

Version 1.6.4:
• Current updates and improvements applied

Version 1.6.2:
• App got the scalable icon and the digital signature (only self-signed for now);
• Applied some updates for core assemblies

Version 1.6.1:
• Fixed icon applied

Version 1.6:
• Added ability to visually select input and output files (-v key);
• New identity applied

Version 1.5u:
• Application namespace, icon and development environment have been unified;
• Publication on GitHub

Version 1.4:
• Added support for direct extraction of model’s shape from DFF (not for all versions for now)



BExplorer: changes log

Version 3.2:
• The text tips processing code has been refactored, some methods have been unified and simplified;
• Removed some redundant code

Version 3.1.7:
• Updated the HypeHelp mechanics

Version 3.1.2:
• The app now uses a new, secure method for setting the size and position of windows;
• Implemented support for HypeHelp mechanics

Version 3.1:
• Implemented the new messages style;
• Upgraded the app about interface

Version 3.0.2:
• XPR control has been implemented;
• Adjusted the control of single active copy;
• Adjusted the requirements control

Version 3.0:
• Rebuilding the app for the MSVC RTL 143 (2022);
  - Fixed possible memory breach based on string values marshalling;
• Implemented the ability to open localized ADP, SCP and Welcome pages;
• Required framework version updated from 4.0 to 4.8;
• Removed obsolete code

Version 2.20.142:
• Rebuilding the app for the MSVC RTL 142 (2015 – 2022);
• Current improvements and updates applied;
• Applied the new registry management method

Version 2.20.2:
• Fixed the bug that affected the file association method

Version 2.20:
• Parsing methods for ADP and projects descriptions have been upgraded;
• Current updates and improvements applied

Version 2.19.37:
• Implemented the updates downloading directly from the “About the app” interface. This function
  requires DPModule. It allows you to download DPModule if it was not previously installed

Version 2.19.3:
• Current updates and improvements applied

Version 2.19:
• App got the scalable icons and the digital signature (only self-signed for now);
• Applied some updates for core assemblies;
• User guides have been updated

Version 2.18.17:
• Updated internal mechanism of checking for updates (applied compatibility with new GitHub theme)

Version 2.18.15:
• Added the registry access checker: it will show recommended actions for the executable file
  when Windows doesn’t allow saving settings;
• Applied new elements in user interface;
• AboutForm and HardWorkExecutor universal classes have been upgraded and improved

Version 2.18.3:
• Updated link for ADP

Version 2.18.2:
• Fixed map displaying;
• Fixed user manual link;
• Fixed some tips and texts

Version 2.18.1:
• Updated link and text presenter for ADP;
• Applied fixed icons

Version 2.18:
• New identity applied;
• New links to RD AAOW FDL added;
• Added direct lab link

Version 2.17.4:
• Added ability to “ask developer” via E-mail for help, or send wish, advice or bug report;
• Applied new paths processor

Version 2.17.3:
• Fixed bug in Policy acception interface that disallowed to accept it in offline mode at first start

Version 2.17.2:
• Added ability to register file associations;
• Added ability to open .b files for editing from command line / by file association

Version 2.17:
• Application info interface now able to get last release’s changes log;
• Cumulative changes applied

Version 2.16.4i:
• Found and fixed hidden bug that caused an error when starting the application from local network;
• Fixed bug that caused the web page request method to fail if server disconnected

Version 2.16.3p:
• Added ability to accept/decline ADP at first start to the application info interface

Version 2.16.2p:
• Updated application info interface (more convenient font is used for now);
• Added a button to access the Application development policy and EULA in the application info interface (due to ADP update);
• Added automatic check for updates to the application info interface

Version 2.16.1h:
• New application info interface implemented

Version 2.16u:
• Application namespace, icon and development environment have been unified;
• Localization system unified;
• English language added for all messages in main executable; DLL awaits translation;
• Placement of “carcols.dat” now can be specified manually;
• Application sources have been seriously reviewed and improved;
• Text tips have been updated

Version 2.15:
• Fixed car generators misapplying when quick save option used;
• Options that may be unsafe before full game completion will be locked now;
• Some code and API improvements applied

Version 2.14:
• Added support for “bomb type” value for cars stored in player’s garages;
• Added quick load and quick save for B files stored in default directory (GTA Vice City User Files);
• Added quick reset for recommended parameters: date and time, police stars, current armor and weather

Version 2.13:
• First public release with minimum functionality
